Flow report for esl_demonstrator
Thu May 17 14:00:19 2018
Quartus II 64-Bit Version 13.1.0 Build 162 10/23/2013 SJ Web Edition


---------------------
; Table of Contents ;
---------------------
  1. Legal Notice
  2. Flow Summary
  3. Flow Settings
  4. Flow Non-Default Global Settings
  5. Flow Elapsed Time
  6. Flow OS Summary
  7. Flow Log
  8. Flow Messages
  9. Flow Suppressed Messages



----------------
; Legal Notice ;
----------------
Copyright (C) 1991-2013 Altera Corporation
Your use of Altera Corporation's design tools, logic functions 
and other software and tools, and its AMPP partner logic 
functions, and any output files from any of the foregoing 
(including device programming or simulation files), and any 
associated documentation or information are expressly subject 
to the terms and conditions of the Altera Program License 
Subscription Agreement, Altera MegaCore Function License 
Agreement, or other applicable license agreement, including, 
without limitation, that your use is for the sole purpose of 
programming logic devices manufactured by Altera and sold by 
Altera or its authorized distributors.  Please refer to the 
applicable agreement for further details.



+---------------------------------------------------------------------------------+
; Flow Summary                                                                    ;
+------------------------------------+--------------------------------------------+
; Flow Status                        ; Successful - Thu May 17 14:00:19 2018      ;
; Quartus II 64-Bit Version          ; 13.1.0 Build 162 10/23/2013 SJ Web Edition ;
; Revision Name                      ; esl_demonstrator                           ;
; Top-level Entity Name              ; esl_demonstrator                           ;
; Family                             ; Cyclone IV E                               ;
; Device                             ; EP4CE22F17C6                               ;
; Timing Models                      ; Final                                      ;
; Total logic elements               ; 0                                          ;
;     Total combinational functions  ; 0                                          ;
;     Dedicated logic registers      ; 0                                          ;
; Total registers                    ; 0                                          ;
; Total pins                         ; 82                                         ;
; Total virtual pins                 ; 0                                          ;
; Total memory bits                  ; 0                                          ;
; Embedded Multiplier 9-bit elements ; 0                                          ;
; Total PLLs                         ; 0                                          ;
+------------------------------------+--------------------------------------------+


+-----------------------------------------+
; Flow Settings                           ;
+-------------------+---------------------+
; Option            ; Setting             ;
+-------------------+---------------------+
; Start date & time ; 05/17/2018 14:00:17 ;
; Main task         ; Compilation         ;
; Revision Name     ; esl_demonstrator    ;
+-------------------+---------------------+


+-----------------------------------------------------------------------------------------------------------------------------------------------------------------------------------+
; Flow Non-Default Global Settings                                                                                                                                                  ;
+-------------------------------------+------------------------------------------------------------+---------------+-----------------------------------------------+----------------+
; Assignment Name                     ; Value                                                      ; Default Value ; Entity Name                                   ; Section Id     ;
+-------------------------------------+------------------------------------------------------------+---------------+-----------------------------------------------+----------------+
; COMPILER_SIGNATURE_ID               ; 1099280327749.152655841606216                              ; --            ; --                                            ; --             ;
; EDA_OUTPUT_DATA_FORMAT              ; Vhdl                                                       ; --            ; --                                            ; eda_simulation ;
; EDA_SIMULATION_TOOL                 ; ModelSim-Altera (VHDL)                                     ; <None>        ; --                                            ; --             ;
; IP_TOOL_ENV                         ; Qsys                                                       ; --            ; Quad_Dec                                      ; --             ;
; IP_TOOL_ENV                         ; Qsys                                                       ; --            ; Quad_Dec_cpu                                  ; --             ;
; IP_TOOL_ENV                         ; Qsys                                                       ; --            ; Quad_Dec_irq_mapper                           ; --             ;
; IP_TOOL_ENV                         ; Qsys                                                       ; --            ; Quad_Dec_jtag_uart                            ; --             ;
; IP_TOOL_ENV                         ; Qsys                                                       ; --            ; Quad_Dec_mm_interconnect_0                    ; --             ;
; IP_TOOL_ENV                         ; Qsys                                                       ; --            ; Quad_Dec_mm_interconnect_0_addr_router        ; --             ;
; IP_TOOL_ENV                         ; Qsys                                                       ; --            ; Quad_Dec_mm_interconnect_0_addr_router_001    ; --             ;
; IP_TOOL_ENV                         ; Qsys                                                       ; --            ; Quad_Dec_mm_interconnect_0_cmd_xbar_demux     ; --             ;
; IP_TOOL_ENV                         ; Qsys                                                       ; --            ; Quad_Dec_mm_interconnect_0_cmd_xbar_demux_001 ; --             ;
; IP_TOOL_ENV                         ; Qsys                                                       ; --            ; Quad_Dec_mm_interconnect_0_cmd_xbar_mux       ; --             ;
; IP_TOOL_ENV                         ; Qsys                                                       ; --            ; Quad_Dec_mm_interconnect_0_cmd_xbar_mux_002   ; --             ;
; IP_TOOL_ENV                         ; Qsys                                                       ; --            ; Quad_Dec_mm_interconnect_0_id_router          ; --             ;
; IP_TOOL_ENV                         ; Qsys                                                       ; --            ; Quad_Dec_mm_interconnect_0_id_router_002      ; --             ;
; IP_TOOL_ENV                         ; Qsys                                                       ; --            ; Quad_Dec_mm_interconnect_0_rsp_xbar_demux     ; --             ;
; IP_TOOL_ENV                         ; Qsys                                                       ; --            ; Quad_Dec_mm_interconnect_0_rsp_xbar_demux_002 ; --             ;
; IP_TOOL_ENV                         ; Qsys                                                       ; --            ; Quad_Dec_mm_interconnect_0_rsp_xbar_mux       ; --             ;
; IP_TOOL_ENV                         ; Qsys                                                       ; --            ; Quad_Dec_mm_interconnect_0_rsp_xbar_mux_001   ; --             ;
; IP_TOOL_ENV                         ; Qsys                                                       ; --            ; Quad_Dec_onchip_mem                           ; --             ;
; IP_TOOL_ENV                         ; Qsys                                                       ; --            ; Quad_Dec_sys_clk_timer                        ; --             ;
; IP_TOOL_ENV                         ; Qsys                                                       ; --            ; Quad_Dec_sysid                                ; --             ;
; IP_TOOL_ENV                         ; Qsys                                                       ; --            ; altera_avalon_sc_fifo                         ; --             ;
; IP_TOOL_ENV                         ; Qsys                                                       ; --            ; altera_merlin_master_agent                    ; --             ;
; IP_TOOL_ENV                         ; Qsys                                                       ; --            ; altera_merlin_master_translator               ; --             ;
; IP_TOOL_ENV                         ; Qsys                                                       ; --            ; altera_merlin_slave_agent                     ; --             ;
; IP_TOOL_ENV                         ; Qsys                                                       ; --            ; altera_merlin_slave_translator                ; --             ;
; IP_TOOL_ENV                         ; Qsys                                                       ; --            ; altera_merlin_traffic_limiter                 ; --             ;
; IP_TOOL_ENV                         ; Qsys                                                       ; --            ; altera_reset_controller                       ; --             ;
; IP_TOOL_NAME                        ; Qsys                                                       ; --            ; Quad_Dec                                      ; --             ;
; IP_TOOL_NAME                        ; altera_nios2_qsys                                          ; --            ; Quad_Dec_cpu                                  ; --             ;
; IP_TOOL_NAME                        ; altera_irq_mapper                                          ; --            ; Quad_Dec_irq_mapper                           ; --             ;
; IP_TOOL_NAME                        ; altera_avalon_jtag_uart                                    ; --            ; Quad_Dec_jtag_uart                            ; --             ;
; IP_TOOL_NAME                        ; altera_merlin_interconnect_wrapper                         ; --            ; Quad_Dec_mm_interconnect_0                    ; --             ;
; IP_TOOL_NAME                        ; altera_merlin_router                                       ; --            ; Quad_Dec_mm_interconnect_0_addr_router        ; --             ;
; IP_TOOL_NAME                        ; altera_merlin_router                                       ; --            ; Quad_Dec_mm_interconnect_0_addr_router_001    ; --             ;
; IP_TOOL_NAME                        ; altera_merlin_demultiplexer                                ; --            ; Quad_Dec_mm_interconnect_0_cmd_xbar_demux     ; --             ;
; IP_TOOL_NAME                        ; altera_merlin_demultiplexer                                ; --            ; Quad_Dec_mm_interconnect_0_cmd_xbar_demux_001 ; --             ;
; IP_TOOL_NAME                        ; altera_merlin_multiplexer                                  ; --            ; Quad_Dec_mm_interconnect_0_cmd_xbar_mux       ; --             ;
; IP_TOOL_NAME                        ; altera_merlin_multiplexer                                  ; --            ; Quad_Dec_mm_interconnect_0_cmd_xbar_mux_002   ; --             ;
; IP_TOOL_NAME                        ; altera_merlin_router                                       ; --            ; Quad_Dec_mm_interconnect_0_id_router          ; --             ;
; IP_TOOL_NAME                        ; altera_merlin_router                                       ; --            ; Quad_Dec_mm_interconnect_0_id_router_002      ; --             ;
; IP_TOOL_NAME                        ; altera_merlin_demultiplexer                                ; --            ; Quad_Dec_mm_interconnect_0_rsp_xbar_demux     ; --             ;
; IP_TOOL_NAME                        ; altera_merlin_demultiplexer                                ; --            ; Quad_Dec_mm_interconnect_0_rsp_xbar_demux_002 ; --             ;
; IP_TOOL_NAME                        ; altera_merlin_multiplexer                                  ; --            ; Quad_Dec_mm_interconnect_0_rsp_xbar_mux       ; --             ;
; IP_TOOL_NAME                        ; altera_merlin_multiplexer                                  ; --            ; Quad_Dec_mm_interconnect_0_rsp_xbar_mux_001   ; --             ;
; IP_TOOL_NAME                        ; altera_avalon_onchip_memory2                               ; --            ; Quad_Dec_onchip_mem                           ; --             ;
; IP_TOOL_NAME                        ; altera_avalon_timer                                        ; --            ; Quad_Dec_sys_clk_timer                        ; --             ;
; IP_TOOL_NAME                        ; altera_avalon_sysid_qsys                                   ; --            ; Quad_Dec_sysid                                ; --             ;
; IP_TOOL_NAME                        ; altera_avalon_sc_fifo                                      ; --            ; altera_avalon_sc_fifo                         ; --             ;
; IP_TOOL_NAME                        ; altera_merlin_master_agent                                 ; --            ; altera_merlin_master_agent                    ; --             ;
; IP_TOOL_NAME                        ; altera_merlin_master_translator                            ; --            ; altera_merlin_master_translator               ; --             ;
; IP_TOOL_NAME                        ; altera_merlin_slave_agent                                  ; --            ; altera_merlin_slave_agent                     ; --             ;
; IP_TOOL_NAME                        ; altera_merlin_slave_translator                             ; --            ; altera_merlin_slave_translator                ; --             ;
; IP_TOOL_NAME                        ; altera_merlin_traffic_limiter                              ; --            ; altera_merlin_traffic_limiter                 ; --             ;
; IP_TOOL_NAME                        ; altera_reset_controller                                    ; --            ; altera_reset_controller                       ; --             ;
; IP_TOOL_VERSION                     ; 13.1                                                       ; --            ; Quad_Dec                                      ; --             ;
; IP_TOOL_VERSION                     ; 13.1                                                       ; --            ; Quad_Dec_cpu                                  ; --             ;
; IP_TOOL_VERSION                     ; 13.1                                                       ; --            ; Quad_Dec_irq_mapper                           ; --             ;
; IP_TOOL_VERSION                     ; 13.1                                                       ; --            ; Quad_Dec_jtag_uart                            ; --             ;
; IP_TOOL_VERSION                     ; 13.1                                                       ; --            ; Quad_Dec_mm_interconnect_0                    ; --             ;
; IP_TOOL_VERSION                     ; 13.1                                                       ; --            ; Quad_Dec_mm_interconnect_0_addr_router        ; --             ;
; IP_TOOL_VERSION                     ; 13.1                                                       ; --            ; Quad_Dec_mm_interconnect_0_addr_router_001    ; --             ;
; IP_TOOL_VERSION                     ; 13.1                                                       ; --            ; Quad_Dec_mm_interconnect_0_cmd_xbar_demux     ; --             ;
; IP_TOOL_VERSION                     ; 13.1                                                       ; --            ; Quad_Dec_mm_interconnect_0_cmd_xbar_demux_001 ; --             ;
; IP_TOOL_VERSION                     ; 13.1                                                       ; --            ; Quad_Dec_mm_interconnect_0_cmd_xbar_mux       ; --             ;
; IP_TOOL_VERSION                     ; 13.1                                                       ; --            ; Quad_Dec_mm_interconnect_0_cmd_xbar_mux_002   ; --             ;
; IP_TOOL_VERSION                     ; 13.1                                                       ; --            ; Quad_Dec_mm_interconnect_0_id_router          ; --             ;
; IP_TOOL_VERSION                     ; 13.1                                                       ; --            ; Quad_Dec_mm_interconnect_0_id_router_002      ; --             ;
; IP_TOOL_VERSION                     ; 13.1                                                       ; --            ; Quad_Dec_mm_interconnect_0_rsp_xbar_demux     ; --             ;
; IP_TOOL_VERSION                     ; 13.1                                                       ; --            ; Quad_Dec_mm_interconnect_0_rsp_xbar_demux_002 ; --             ;
; IP_TOOL_VERSION                     ; 13.1                                                       ; --            ; Quad_Dec_mm_interconnect_0_rsp_xbar_mux       ; --             ;
; IP_TOOL_VERSION                     ; 13.1                                                       ; --            ; Quad_Dec_mm_interconnect_0_rsp_xbar_mux_001   ; --             ;
; IP_TOOL_VERSION                     ; 13.1                                                       ; --            ; Quad_Dec_onchip_mem                           ; --             ;
; IP_TOOL_VERSION                     ; 13.1                                                       ; --            ; Quad_Dec_sys_clk_timer                        ; --             ;
; IP_TOOL_VERSION                     ; 13.1                                                       ; --            ; Quad_Dec_sysid                                ; --             ;
; IP_TOOL_VERSION                     ; 13.1                                                       ; --            ; altera_avalon_sc_fifo                         ; --             ;
; IP_TOOL_VERSION                     ; 13.1                                                       ; --            ; altera_merlin_master_agent                    ; --             ;
; IP_TOOL_VERSION                     ; 13.1                                                       ; --            ; altera_merlin_master_translator               ; --             ;
; IP_TOOL_VERSION                     ; 13.1                                                       ; --            ; altera_merlin_slave_agent                     ; --             ;
; IP_TOOL_VERSION                     ; 13.1                                                       ; --            ; altera_merlin_slave_translator                ; --             ;
; IP_TOOL_VERSION                     ; 13.1                                                       ; --            ; altera_merlin_traffic_limiter                 ; --             ;
; IP_TOOL_VERSION                     ; 13.1                                                       ; --            ; altera_reset_controller                       ; --             ;
; MAX_CORE_JUNCTION_TEMP              ; 85                                                         ; --            ; --                                            ; --             ;
; MIN_CORE_JUNCTION_TEMP              ; 0                                                          ; --            ; --                                            ; --             ;
; MISC_FILE                           ; Quad_Dec/synthesis/../../Quad_Dec.cmp                      ; --            ; --                                            ; --             ;
; MISC_FILE                           ; Quad_Dec/synthesis/../../Quad_Dec.qsys                     ; --            ; --                                            ; --             ;
; NOMINAL_CORE_SUPPLY_VOLTAGE         ; 1.2V                                                       ; --            ; --                                            ; --             ;
; PARTITION_COLOR                     ; 16764057                                                   ; --            ; --                                            ; Top            ;
; PARTITION_FITTER_PRESERVATION_LEVEL ; PLACEMENT_AND_ROUTING                                      ; --            ; --                                            ; Top            ;
; PARTITION_NETLIST_TYPE              ; SOURCE                                                     ; --            ; --                                            ; Top            ;
; POWER_BOARD_THERMAL_MODEL           ; None (CONSERVATIVE)                                        ; --            ; --                                            ; --             ;
; POWER_PRESET_COOLING_SOLUTION       ; 23 MM HEAT SINK WITH 200 LFPM AIRFLOW                      ; --            ; --                                            ; --             ;
; PROJECT_OUTPUT_DIRECTORY            ; output_files                                               ; --            ; --                                            ; --             ;
; SLD_FILE                            ; Quad_Dec/synthesis/Quad_Dec.regmap                         ; --            ; --                                            ; --             ;
; SLD_FILE                            ; Quad_Dec/synthesis/Quad_Dec.debuginfo                      ; --            ; --                                            ; --             ;
; SLD_INFO                            ; QSYS_NAME Quad_Dec HAS_SOPCINFO 1 GENERATION_ID 1525701563 ; --            ; Quad_Dec                                      ; --             ;
; SOPCINFO_FILE                       ; Quad_Dec/synthesis/../../Quad_Dec.sopcinfo                 ; --            ; --                                            ; --             ;
; SYNTHESIS_ONLY_QIP                  ; On                                                         ; --            ; --                                            ; --             ;
+-------------------------------------+------------------------------------------------------------+---------------+-----------------------------------------------+----------------+


+--------------------------------------------------------------------------------------------------------------------------+
; Flow Elapsed Time                                                                                                        ;
+----------------------+--------------+-------------------------+---------------------+------------------------------------+
; Module Name          ; Elapsed Time ; Average Processors Used ; Peak Virtual Memory ; Total CPU Time (on all processors) ;
+----------------------+--------------+-------------------------+---------------------+------------------------------------+
; Analysis & Synthesis ; 00:00:03     ; 1.0                     ; 593 MB              ; 00:00:03                           ;
; Total                ; 00:00:03     ; --                      ; --                  ; 00:00:03                           ;
+----------------------+--------------+-------------------------+---------------------+------------------------------------+


+-----------------------------------------------------------------------------------+
; Flow OS Summary                                                                   ;
+----------------------+------------------+-----------+------------+----------------+
; Module Name          ; Machine Hostname ; OS Name   ; OS Version ; Processor type ;
+----------------------+------------------+-----------+------------+----------------+
; Analysis & Synthesis ; UX32VD           ; Windows 7 ; 6.2        ; x86_64         ;
+----------------------+------------------+-----------+------------+----------------+


------------
; Flow Log ;
------------
quartus_map --read_settings_files=on --write_settings_files=off esl_demonstrator -c esl_demonstrator



