EDA Netlist Writer report for esl_demonstrator
Thu May 17 19:23:14 2018
Quartus II 64-Bit Version 13.1.0 Build 162 10/23/2013 SJ Web Edition


---------------------
; Table of Contents ;
---------------------
  1. Legal Notice
  2. EDA Netlist Writer Summary
  3. EDA Netlist Writer Messages



----------------
; Legal Notice ;
----------------
Copyright (C) 1991-2013 Altera Corporation
Your use of Altera Corporation's design tools, logic functions 
and other software and tools, and its AMPP partner logic 
functions, and any output files from any of the foregoing 
(including device programming or simulation files), and any 
associated documentation or information are expressly subject 
to the terms and conditions of the Altera Program License 
Subscription Agreement, Altera MegaCore Function License 
Agreement, or other applicable license agreement, including, 
without limitation, that your use is for the sole purpose of 
programming logic devices manufactured by Altera and sold by 
Altera or its authorized distributors.  Please refer to the 
applicable agreement for further details.



+---------------------------------------------------------------+
; EDA Netlist Writer Summary                                    ;
+---------------------------+-----------------------------------+
; EDA Netlist Writer Status ; Failed - Thu May 17 19:23:14 2018 ;
; Revision Name             ; esl_demonstrator                  ;
; Top-level Entity Name     ; Quad_Dec                          ;
; Family                    ; Cyclone IV E                      ;
+---------------------------+-----------------------------------+


+-----------------------------+
; EDA Netlist Writer Messages ;
+-----------------------------+
Info: *******************************************************************
Info: Running Quartus II 64-Bit EDA Netlist Writer
    Info: Version 13.1.0 Build 162 10/23/2013 SJ Web Edition
    Info: Processing started: Thu May 17 19:23:14 2018
Info: Command: quartus_eda --read_settings_files=off --write_settings_files=off esl_demonstrator -c esl_demonstrator
Error (204012): Can't generate netlist output files because the file "C:/Users/reinv/Documents/School/Master/Master/Quartile 2B1/Embedded Systems Laboratory/Project1/esl_demonstrator/Quad_Dec/synthesis/submodules/Quad_Dec_cpu.v" is an OpenCore Plus time-limited file
Error (204009): Can't generate netlist output files because the license for encrypted file "C:/Users/reinv/Documents/School/Master/Master/Quartile 2B1/Embedded Systems Laboratory/Project1/esl_demonstrator/Quad_Dec/synthesis/submodules/Quad_Dec_cpu.v" is not available
Error (204012): Can't generate netlist output files because the file "C:/Users/reinv/Documents/School/Master/Master/Quartile 2B1/Embedded Systems Laboratory/Project1/esl_demonstrator/Quad_Dec/synthesis/submodules/Quad_Dec_cpu.v" is an OpenCore Plus time-limited file
Error (204009): Can't generate netlist output files because the license for encrypted file "C:/Users/reinv/Documents/School/Master/Master/Quartile 2B1/Embedded Systems Laboratory/Project1/esl_demonstrator/Quad_Dec/synthesis/submodules/Quad_Dec_cpu.v" is not available
Error (204012): Can't generate netlist output files because the file "C:/Users/reinv/Documents/School/Master/Master/Quartile 2B1/Embedded Systems Laboratory/Project1/esl_demonstrator/Quad_Dec/synthesis/submodules/Quad_Dec_cpu.v" is an OpenCore Plus time-limited file
Error (204009): Can't generate netlist output files because the license for encrypted file "C:/Users/reinv/Documents/School/Master/Master/Quartile 2B1/Embedded Systems Laboratory/Project1/esl_demonstrator/Quad_Dec/synthesis/submodules/Quad_Dec_cpu.v" is not available
Error: Quartus II 64-Bit EDA Netlist Writer was unsuccessful. 6 errors, 0 warnings
    Error: Peak virtual memory: 504 megabytes
    Error: Processing ended: Thu May 17 19:23:15 2018
    Error: Elapsed time: 00:00:01
    Error: Total CPU time (on all processors): 00:00:01


