Info: Starting: Create block symbol file (.bsf)
Info: ip-generate --project-directory=/home/esl21/ESL21/esl_demonstrator/ --output-directory=/home/esl21/ESL21/esl_demonstrator/Quad_Dec/ --report-file=bsf:/home/esl21/ESL21/esl_demonstrator/Quad_Dec.bsf --system-info=DEVICE_FAMILY="Cyclone IV E" --system-info=DEVICE=EP4CE22F17C6 --system-info=DEVICE_SPEEDGRADE=6 --component-file=/home/esl21/ESL21/esl_demonstrator/Quad_Dec.qsys
Progress: Loading esl_demonstrator/Quad_Dec.qsys
Progress: Reading input file
Progress: Adding clk_0 [clock_source 13.1]
Progress: Parameterizing module clk_0
Progress: Adding QuadratureDecoder [Quadrature_Decoder 1.0]
Warning: QuadratureDecoder: Component type Quadrature_Decoder is not in the library
Progress: Parameterizing module QuadratureDecoder
Progress: Adding onchip_mem [altera_avalon_onchip_memory2 13.1]
Progress: Parameterizing module onchip_mem
Progress: Adding cpu [altera_nios2_qsys 13.1]
Progress: Parameterizing module cpu
Progress: Adding jtag_uart [altera_avalon_jtag_uart 13.1]
Progress: Parameterizing module jtag_uart
Progress: Adding sys_clk_timer [altera_avalon_timer 13.1]
Progress: Parameterizing module sys_clk_timer
Progress: Adding sysid [altera_avalon_sysid_qsys 13.1]
Progress: Parameterizing module sysid
Progress: Building connections
Progress: Parameterizing connections
Progress: Validating
Progress: Done reading input file
Error: Quad_Dec.QuadratureDecoder: Component Quadrature_Decoder 1.0 not found or could not be instantiated
Info: Quad_Dec.sysid: System ID is not assigned automatically. Edit the System ID parameter to provide a unique ID
Info: Quad_Dec.sysid: Time stamp will be automatically updated when this component is generated.
Info: ip-generate succeeded.
Info: Finished: Create block symbol file (.bsf)
Info: 
Info: Starting: Create HDL design files for synthesis
Info: ip-generate --project-directory=/home/esl21/ESL21/esl_demonstrator/ --output-directory=/home/esl21/ESL21/esl_demonstrator/Quad_Dec/synthesis/ --file-set=QUARTUS_SYNTH --report-file=html:/home/esl21/ESL21/esl_demonstrator/Quad_Dec.html --report-file=sopcinfo:/home/esl21/ESL21/esl_demonstrator/Quad_Dec.sopcinfo --report-file=cmp:/home/esl21/ESL21/esl_demonstrator/Quad_Dec.cmp --report-file=qip:/home/esl21/ESL21/esl_demonstrator/Quad_Dec/synthesis/Quad_Dec.qip --report-file=svd --report-file=regmap:/home/esl21/ESL21/esl_demonstrator/Quad_Dec/synthesis/Quad_Dec.regmap --report-file=debuginfo:/home/esl21/ESL21/esl_demonstrator/Quad_Dec/synthesis/Quad_Dec.debuginfo --system-info=DEVICE_FAMILY="Cyclone IV E" --system-info=DEVICE=EP4CE22F17C6 --system-info=DEVICE_SPEEDGRADE=6 --component-file=/home/esl21/ESL21/esl_demonstrator/Quad_Dec.qsys --language=VHDL
Progress: Loading esl_demonstrator/Quad_Dec.qsys
Progress: Reading input file
Progress: Adding clk_0 [clock_source 13.1]
Progress: Parameterizing module clk_0
Progress: Adding QuadratureDecoder [Quadrature_Decoder 1.0]
Warning: QuadratureDecoder: Component type Quadrature_Decoder is not in the library
Progress: Parameterizing module QuadratureDecoder
Progress: Adding onchip_mem [altera_avalon_onchip_memory2 13.1]
Progress: Parameterizing module onchip_mem
Progress: Adding cpu [altera_nios2_qsys 13.1]
Progress: Parameterizing module cpu
Progress: Adding jtag_uart [altera_avalon_jtag_uart 13.1]
Progress: Parameterizing module jtag_uart
Progress: Adding sys_clk_timer [altera_avalon_timer 13.1]
Progress: Parameterizing module sys_clk_timer
Progress: Adding sysid [altera_avalon_sysid_qsys 13.1]
Progress: Parameterizing module sysid
Progress: Building connections
Progress: Parameterizing connections
Progress: Validating
Progress: Done reading input file
Error: Quad_Dec.QuadratureDecoder: Component Quadrature_Decoder 1.0 not found or could not be instantiated
Info: Quad_Dec.sysid: System ID is not assigned automatically. Edit the System ID parameter to provide a unique ID
Info: Quad_Dec.sysid: Time stamp will be automatically updated when this component is generated.
Info: Quad_Dec: Generating Quad_Dec "Quad_Dec" for QUARTUS_SYNTH
Info: pipeline_bridge_swap_transform: After transform: 7 modules, 22 connections
Info: No custom instruction connections, skipping transform 
Error: null
