Analysis & Synthesis report for setup_control
Fri Jun 15 17:50:36 2018
Quartus II 32-bit Version 13.1.0 Build 162 10/23/2013 SJ Web Edition


---------------------
; Table of Contents ;
---------------------
  1. Legal Notice
  2. Analysis & Synthesis Summary
  3. Analysis & Synthesis Settings
  4. Parallel Compilation
  5. Analysis & Synthesis Source Files Read
  6. Analysis & Synthesis Resource Usage Summary
  7. Analysis & Synthesis Resource Utilization by Entity
  8. Registers Removed During Synthesis
  9. Removed Registers Triggering Further Register Optimizations
 10. General Register Statistics
 11. Multiplexer Restructuring Statistics (Restructuring Performed)
 12. Parameter Settings for User Entity Instance: Top-level Entity: |setup_control
 13. Parameter Settings for User Entity Instance: ramstix_gpmc_driver:gpmc_driver
 14. Parameter Settings for User Entity Instance: Motor_Controller:MC1
 15. Parameter Settings for User Entity Instance: Motor_Controller:MC2
 16. Parameter Settings for User Entity Instance: quadrature_decoder:qd1
 17. Parameter Settings for User Entity Instance: QuadratureDecoder:QD2
 18. Port Connectivity Checks: "QuadratureDecoder:QD2"
 19. Port Connectivity Checks: "quadrature_decoder:qd1"
 20. Port Connectivity Checks: "Motor_Controller:MC2"
 21. Port Connectivity Checks: "Motor_Controller:MC1"
 22. Elapsed Time Per Partition
 23. Analysis & Synthesis Messages



----------------
; Legal Notice ;
----------------
Copyright (C) 1991-2013 Altera Corporation
Your use of Altera Corporation's design tools, logic functions 
and other software and tools, and its AMPP partner logic 
functions, and any output files from any of the foregoing 
(including device programming or simulation files), and any 
associated documentation or information are expressly subject 
to the terms and conditions of the Altera Program License 
Subscription Agreement, Altera MegaCore Function License 
Agreement, or other applicable license agreement, including, 
without limitation, that your use is for the sole purpose of 
programming logic devices manufactured by Altera and sold by 
Altera or its authorized distributors.  Please refer to the 
applicable agreement for further details.



+---------------------------------------------------------------------------------+
; Analysis & Synthesis Summary                                                    ;
+------------------------------------+--------------------------------------------+
; Analysis & Synthesis Status        ; Successful - Fri Jun 15 17:50:36 2018      ;
; Quartus II 32-bit Version          ; 13.1.0 Build 162 10/23/2013 SJ Web Edition ;
; Revision Name                      ; setup_control                              ;
; Top-level Entity Name              ; setup_control                              ;
; Family                             ; Cyclone III                                ;
; Total logic elements               ; 1,243                                      ;
;     Total combinational functions  ; 696                                        ;
;     Dedicated logic registers      ; 737                                        ;
; Total registers                    ; 737                                        ;
; Total pins                         ; 76                                         ;
; Total virtual pins                 ; 0                                          ;
; Total memory bits                  ; 0                                          ;
; Embedded Multiplier 9-bit elements ; 0                                          ;
; Total PLLs                         ; 0                                          ;
+------------------------------------+--------------------------------------------+


+----------------------------------------------------------------------------------------------------------------------+
; Analysis & Synthesis Settings                                                                                        ;
+----------------------------------------------------------------------------+--------------------+--------------------+
; Option                                                                     ; Setting            ; Default Value      ;
+----------------------------------------------------------------------------+--------------------+--------------------+
; Device                                                                     ; EP3C40Q240C8       ;                    ;
; Top-level entity name                                                      ; setup_control      ; setup_control      ;
; Family name                                                                ; Cyclone III        ; Cyclone IV GX      ;
; Use smart compilation                                                      ; Off                ; Off                ;
; Enable parallel Assembler and TimeQuest Timing Analyzer during compilation ; On                 ; On                 ;
; Enable compact report table                                                ; Off                ; Off                ;
; Restructure Multiplexers                                                   ; Auto               ; Auto               ;
; Create Debugging Nodes for IP Cores                                        ; Off                ; Off                ;
; Preserve fewer node names                                                  ; On                 ; On                 ;
; Disable OpenCore Plus hardware evaluation                                  ; Off                ; Off                ;
; Verilog Version                                                            ; Verilog_2001       ; Verilog_2001       ;
; VHDL Version                                                               ; VHDL_1993          ; VHDL_1993          ;
; State Machine Processing                                                   ; Auto               ; Auto               ;
; Safe State Machine                                                         ; Off                ; Off                ;
; Extract Verilog State Machines                                             ; On                 ; On                 ;
; Extract VHDL State Machines                                                ; On                 ; On                 ;
; Ignore Verilog initial constructs                                          ; Off                ; Off                ;
; Iteration limit for constant Verilog loops                                 ; 5000               ; 5000               ;
; Iteration limit for non-constant Verilog loops                             ; 250                ; 250                ;
; Add Pass-Through Logic to Inferred RAMs                                    ; On                 ; On                 ;
; Infer RAMs from Raw Logic                                                  ; On                 ; On                 ;
; Parallel Synthesis                                                         ; On                 ; On                 ;
; DSP Block Balancing                                                        ; Auto               ; Auto               ;
; NOT Gate Push-Back                                                         ; On                 ; On                 ;
; Power-Up Don't Care                                                        ; On                 ; On                 ;
; Remove Redundant Logic Cells                                               ; Off                ; Off                ;
; Remove Duplicate Registers                                                 ; On                 ; On                 ;
; Ignore CARRY Buffers                                                       ; Off                ; Off                ;
; Ignore CASCADE Buffers                                                     ; Off                ; Off                ;
; Ignore GLOBAL Buffers                                                      ; Off                ; Off                ;
; Ignore ROW GLOBAL Buffers                                                  ; Off                ; Off                ;
; Ignore LCELL Buffers                                                       ; Off                ; Off                ;
; Ignore SOFT Buffers                                                        ; On                 ; On                 ;
; Limit AHDL Integers to 32 Bits                                             ; Off                ; Off                ;
; Optimization Technique                                                     ; Balanced           ; Balanced           ;
; Carry Chain Length                                                         ; 70                 ; 70                 ;
; Auto Carry Chains                                                          ; On                 ; On                 ;
; Auto Open-Drain Pins                                                       ; On                 ; On                 ;
; Perform WYSIWYG Primitive Resynthesis                                      ; Off                ; Off                ;
; Auto ROM Replacement                                                       ; On                 ; On                 ;
; Auto RAM Replacement                                                       ; On                 ; On                 ;
; Auto DSP Block Replacement                                                 ; On                 ; On                 ;
; Auto Shift Register Replacement                                            ; Auto               ; Auto               ;
; Allow Shift Register Merging across Hierarchies                            ; Auto               ; Auto               ;
; Auto Clock Enable Replacement                                              ; On                 ; On                 ;
; Strict RAM Replacement                                                     ; Off                ; Off                ;
; Allow Synchronous Control Signals                                          ; On                 ; On                 ;
; Force Use of Synchronous Clear Signals                                     ; Off                ; Off                ;
; Auto RAM Block Balancing                                                   ; On                 ; On                 ;
; Auto RAM to Logic Cell Conversion                                          ; Off                ; Off                ;
; Auto Resource Sharing                                                      ; Off                ; Off                ;
; Allow Any RAM Size For Recognition                                         ; Off                ; Off                ;
; Allow Any ROM Size For Recognition                                         ; Off                ; Off                ;
; Allow Any Shift Register Size For Recognition                              ; Off                ; Off                ;
; Use LogicLock Constraints during Resource Balancing                        ; On                 ; On                 ;
; Ignore translate_off and synthesis_off directives                          ; Off                ; Off                ;
; Timing-Driven Synthesis                                                    ; On                 ; On                 ;
; Report Parameter Settings                                                  ; On                 ; On                 ;
; Report Source Assignments                                                  ; On                 ; On                 ;
; Report Connectivity Checks                                                 ; On                 ; On                 ;
; Ignore Maximum Fan-Out Assignments                                         ; Off                ; Off                ;
; Synchronization Register Chain Length                                      ; 2                  ; 2                  ;
; PowerPlay Power Optimization                                               ; Normal compilation ; Normal compilation ;
; HDL message level                                                          ; Level2             ; Level2             ;
; Suppress Register Optimization Related Messages                            ; Off                ; Off                ;
; Number of Removed Registers Reported in Synthesis Report                   ; 5000               ; 5000               ;
; Number of Swept Nodes Reported in Synthesis Report                         ; 5000               ; 5000               ;
; Number of Inverted Registers Reported in Synthesis Report                  ; 100                ; 100                ;
; Clock MUX Protection                                                       ; On                 ; On                 ;
; Auto Gated Clock Conversion                                                ; Off                ; Off                ;
; Block Design Naming                                                        ; Auto               ; Auto               ;
; SDC constraint protection                                                  ; Off                ; Off                ;
; Synthesis Effort                                                           ; Auto               ; Auto               ;
; Shift Register Replacement - Allow Asynchronous Clear Signal               ; On                 ; On                 ;
; Pre-Mapping Resynthesis Optimization                                       ; Off                ; Off                ;
; Analysis & Synthesis Message Level                                         ; Medium             ; Medium             ;
; Disable Register Merging Across Hierarchies                                ; Auto               ; Auto               ;
; Resource Aware Inference For Block RAM                                     ; On                 ; On                 ;
; Synthesis Seed                                                             ; 1                  ; 1                  ;
+----------------------------------------------------------------------------+--------------------+--------------------+


+------------------------------------------+
; Parallel Compilation                     ;
+----------------------------+-------------+
; Processors                 ; Number      ;
+----------------------------+-------------+
; Number detected on machine ; 8           ;
; Maximum allowed            ; 4           ;
;                            ;             ;
; Average used               ; 1.00        ;
; Maximum used               ; 4           ;
;                            ;             ;
; Usage by Processor         ; % Time Used ;
;     Processor 1            ; 100.0%      ;
;     Processors 2-4         ; < 0.1%      ;
;     Processors 5-8         ;   0.0%      ;
+----------------------------+-------------+


+----------------------------------------------------------------------------------------------------------------------------------------------------+
; Analysis & Synthesis Source Files Read                                                                                                             ;
+----------------------------------+-----------------+-----------------+-------------------------------------------------------------------+---------+
; File Name with User-Entered Path ; Used in Netlist ; File Type       ; File Name with Absolute Path                                      ; Library ;
+----------------------------------+-----------------+-----------------+-------------------------------------------------------------------+---------+
; ../fpga/setup_control.vhd        ; yes             ; User VHDL File  ; /home/esl21/ESL21/gpmc_fpga_template/fpga/setup_control.vhd       ;         ;
; ../fpga/ramstix_gpmc_driver.vhd  ; yes             ; User VHDL File  ; /home/esl21/ESL21/gpmc_fpga_template/fpga/ramstix_gpmc_driver.vhd ;         ;
; ../fpga/QuadratureDecoder.vhd    ; yes             ; User VHDL File  ; /home/esl21/ESL21/gpmc_fpga_template/fpga/QuadratureDecoder.vhd   ;         ;
; ../fpga/Motor_Controller.vhd     ; yes             ; User VHDL File  ; /home/esl21/ESL21/gpmc_fpga_template/fpga/Motor_Controller.vhd    ;         ;
; ../../quad2.vhd                  ; yes             ; User VHDL File  ; /home/esl21/ESL21/quad2.vhd                                       ;         ;
+----------------------------------+-----------------+-----------------+-------------------------------------------------------------------+---------+


+--------------------------------------------------------------+
; Analysis & Synthesis Resource Usage Summary                  ;
+---------------------------------------------+----------------+
; Resource                                    ; Usage          ;
+---------------------------------------------+----------------+
; Estimated Total logic elements              ; 1,243          ;
;                                             ;                ;
; Total combinational functions               ; 696            ;
; Logic element usage by number of LUT inputs ;                ;
;     -- 4 input functions                    ; 426            ;
;     -- 3 input functions                    ; 132            ;
;     -- <=2 input functions                  ; 138            ;
;                                             ;                ;
; Logic elements by mode                      ;                ;
;     -- normal mode                          ; 543            ;
;     -- arithmetic mode                      ; 153            ;
;                                             ;                ;
; Total registers                             ; 737            ;
;     -- Dedicated logic registers            ; 737            ;
;     -- I/O registers                        ; 0              ;
;                                             ;                ;
; I/O pins                                    ; 76             ;
; Embedded Multiplier 9-bit elements          ; 0              ;
; Maximum fan-out node                        ; CLOCK_50~input ;
; Maximum fan-out                             ; 737            ;
; Total fan-out                               ; 4732           ;
; Average fan-out                             ; 2.96           ;
+---------------------------------------------+----------------+


+------------------------------------------------------------------------------------------------------------------------------------------------------------------------------------------------------------------+
; Analysis & Synthesis Resource Utilization by Entity                                                                                                                                                              ;
+--------------------------------------+-------------------+--------------+-------------+--------------+---------+-----------+------+--------------+------------------------------------------------+--------------+
; Compilation Hierarchy Node           ; LC Combinationals ; LC Registers ; Memory Bits ; DSP Elements ; DSP 9x9 ; DSP 18x18 ; Pins ; Virtual Pins ; Full Hierarchy Name                            ; Library Name ;
+--------------------------------------+-------------------+--------------+-------------+--------------+---------+-----------+------+--------------+------------------------------------------------+--------------+
; |setup_control                       ; 696 (0)           ; 737 (0)      ; 0           ; 0            ; 0       ; 0         ; 76   ; 0            ; |setup_control                                 ; work         ;
;    |Motor_Controller:MC1|            ; 47 (47)           ; 42 (42)      ; 0           ; 0            ; 0       ; 0         ; 0    ; 0            ; |setup_control|Motor_Controller:MC1            ; work         ;
;    |Motor_Controller:MC2|            ; 26 (26)           ; 30 (30)      ; 0           ; 0            ; 0       ; 0         ; 0    ; 0            ; |setup_control|Motor_Controller:MC2            ; work         ;
;    |QuadratureDecoder:QD2|           ; 33 (33)           ; 36 (36)      ; 0           ; 0            ; 0       ; 0         ; 0    ; 0            ; |setup_control|QuadratureDecoder:QD2           ; work         ;
;    |quadrature_decoder:qd1|          ; 137 (137)         ; 52 (52)      ; 0           ; 0            ; 0       ; 0         ; 0    ; 0            ; |setup_control|quadrature_decoder:qd1          ; work         ;
;    |ramstix_gpmc_driver:gpmc_driver| ; 453 (453)         ; 577 (577)    ; 0           ; 0            ; 0       ; 0         ; 0    ; 0            ; |setup_control|ramstix_gpmc_driver:gpmc_driver ; work         ;
+--------------------------------------+-------------------+--------------+-------------+--------------+---------+-----------+------+--------------+------------------------------------------------+--------------+
Note: For table entries with two numbers listed, the numbers in parentheses indicate the number of resources of the given type used by the specific entity alone. The numbers listed outside of parentheses indicate the total resources of the given type used by the specific entity and all of its sub-entities in the hierarchy.


+------------------------------------------------------------------------------------------------+
; Registers Removed During Synthesis                                                             ;
+----------------------------------------------+-------------------------------------------------+
; Register name                                ; Reason for Removal                              ;
+----------------------------------------------+-------------------------------------------------+
; quadrature_decoder:qd1|set_origin_n_new[0,1] ; Stuck at VCC due to stuck port data_in          ;
; quadrature_decoder:qd1|set_origin_n_int      ; Stuck at VCC due to stuck port data_in          ;
; Motor_Controller:MC2|pulsehigh[0]            ; Stuck at GND due to stuck port data_in          ;
; Motor_Controller:MC1|pulsehigh[0]            ; Stuck at GND due to stuck port data_in          ;
; quadrature_decoder:qd1|set_origin_cnt[0..18] ; Lost fanout                                     ;
; Motor_Controller:MC2|cyclecount[11]          ; Merged with Motor_Controller:MC1|cyclecount[11] ;
; Motor_Controller:MC2|cyclecount[10]          ; Merged with Motor_Controller:MC1|cyclecount[10] ;
; Motor_Controller:MC2|cyclecount[9]           ; Merged with Motor_Controller:MC1|cyclecount[9]  ;
; Motor_Controller:MC2|cyclecount[8]           ; Merged with Motor_Controller:MC1|cyclecount[8]  ;
; Motor_Controller:MC2|cyclecount[7]           ; Merged with Motor_Controller:MC1|cyclecount[7]  ;
; Motor_Controller:MC2|cyclecount[6]           ; Merged with Motor_Controller:MC1|cyclecount[6]  ;
; Motor_Controller:MC2|cyclecount[5]           ; Merged with Motor_Controller:MC1|cyclecount[5]  ;
; Motor_Controller:MC2|cyclecount[4]           ; Merged with Motor_Controller:MC1|cyclecount[4]  ;
; Motor_Controller:MC2|cyclecount[3]           ; Merged with Motor_Controller:MC1|cyclecount[3]  ;
; Motor_Controller:MC2|cyclecount[2]           ; Merged with Motor_Controller:MC1|cyclecount[2]  ;
; Motor_Controller:MC2|cyclecount[1]           ; Merged with Motor_Controller:MC1|cyclecount[1]  ;
; Motor_Controller:MC2|cyclecount[0]           ; Merged with Motor_Controller:MC1|cyclecount[0]  ;
; Total Number of Removed Registers = 36       ;                                                 ;
+----------------------------------------------+-------------------------------------------------+


+--------------------------------------------------------------------------------------------------------------------------------------------------------------+
; Removed Registers Triggering Further Register Optimizations                                                                                                  ;
+--------------------------------------------+---------------------------+-------------------------------------------------------------------------------------+
; Register name                              ; Reason for Removal        ; Registers Removed due to This Register                                              ;
+--------------------------------------------+---------------------------+-------------------------------------------------------------------------------------+
; quadrature_decoder:qd1|set_origin_n_new[0] ; Stuck at VCC              ; quadrature_decoder:qd1|set_origin_n_int, quadrature_decoder:qd1|set_origin_cnt[3],  ;
;                                            ; due to stuck port data_in ; quadrature_decoder:qd1|set_origin_cnt[4], quadrature_decoder:qd1|set_origin_cnt[6], ;
;                                            ;                           ; quadrature_decoder:qd1|set_origin_cnt[7], quadrature_decoder:qd1|set_origin_cnt[9], ;
;                                            ;                           ; quadrature_decoder:qd1|set_origin_cnt[10],                                          ;
;                                            ;                           ; quadrature_decoder:qd1|set_origin_cnt[11],                                          ;
;                                            ;                           ; quadrature_decoder:qd1|set_origin_cnt[12],                                          ;
;                                            ;                           ; quadrature_decoder:qd1|set_origin_cnt[14]                                           ;
+--------------------------------------------+---------------------------+-------------------------------------------------------------------------------------+


+------------------------------------------------------+
; General Register Statistics                          ;
+----------------------------------------------+-------+
; Statistic                                    ; Value ;
+----------------------------------------------+-------+
; Total registers                              ; 737   ;
; Number of registers using Synchronous Clear  ; 46    ;
; Number of registers using Synchronous Load   ; 32    ;
; Number of registers using Asynchronous Clear ; 0     ;
; Number of registers using Asynchronous Load  ; 0     ;
; Number of registers using Clock Enable       ; 650   ;
; Number of registers using Preset             ; 0     ;
+----------------------------------------------+-------+


+-------------------------------------------------------------------------------------------------------------------------------------------------------------------------------+
; Multiplexer Restructuring Statistics (Restructuring Performed)                                                                                                                ;
+--------------------+-----------+---------------+----------------------+------------------------+------------+-----------------------------------------------------------------+
; Multiplexer Inputs ; Bus Width ; Baseline Area ; Area if Restructured ; Saving if Restructured ; Registered ; Example Multiplexer Output                                      ;
+--------------------+-----------+---------------+----------------------+------------------------+------------+-----------------------------------------------------------------+
; 3:1                ; 14 bits   ; 28 LEs        ; 14 LEs               ; 14 LEs                 ; Yes        ; |setup_control|quadrature_decoder:qd1|debounce_cnt[4]           ;
; 4:1                ; 32 bits   ; 64 LEs        ; 0 LEs                ; 64 LEs                 ; Yes        ; |setup_control|QuadratureDecoder:QD2|counter[31]                ;
; 5:1                ; 16 bits   ; 48 LEs        ; 16 LEs               ; 32 LEs                 ; Yes        ; |setup_control|ramstix_gpmc_driver:gpmc_driver|ram[3][4]        ;
; 5:1                ; 16 bits   ; 48 LEs        ; 16 LEs               ; 32 LEs                 ; Yes        ; |setup_control|ramstix_gpmc_driver:gpmc_driver|ram[2][5]        ;
; 5:1                ; 16 bits   ; 48 LEs        ; 16 LEs               ; 32 LEs                 ; Yes        ; |setup_control|ramstix_gpmc_driver:gpmc_driver|ram[1][1]        ;
; 5:1                ; 16 bits   ; 48 LEs        ; 16 LEs               ; 32 LEs                 ; Yes        ; |setup_control|ramstix_gpmc_driver:gpmc_driver|ram[0][9]        ;
; 5:1                ; 32 bits   ; 96 LEs        ; 64 LEs               ; 32 LEs                 ; Yes        ; |setup_control|quadrature_decoder:qd1|position[23]              ;
; 33:1               ; 16 bits   ; 352 LEs       ; 352 LEs              ; 0 LEs                  ; Yes        ; |setup_control|ramstix_gpmc_driver:gpmc_driver|gpmc_data_out[1] ;
+--------------------+-----------+---------------+----------------------+------------------------+------------+-----------------------------------------------------------------+


+-------------------------------------------------------------------------------+
; Parameter Settings for User Entity Instance: Top-level Entity: |setup_control ;
+----------------------+-------+------------------------------------------------+
; Parameter Name       ; Value ; Type                                           ;
+----------------------+-------+------------------------------------------------+
; DATA_WIDTH           ; 16    ; Signed Integer                                 ;
; GPMC_ADDR_WIDTH_HIGH ; 10    ; Signed Integer                                 ;
; GPMC_ADDR_WIDTH_LOW  ; 1     ; Signed Integer                                 ;
; RAM_SIZE             ; 32    ; Signed Integer                                 ;
+----------------------+-------+------------------------------------------------+
Note: In order to hide this table in the UI and the text report file, please set the "Show Parameter Settings in Synthesis Report" option in "Analysis and Synthesis Settings -> More Settings" to "Off".


+------------------------------------------------------------------------------+
; Parameter Settings for User Entity Instance: ramstix_gpmc_driver:gpmc_driver ;
+----------------------+-------+-----------------------------------------------+
; Parameter Name       ; Value ; Type                                          ;
+----------------------+-------+-----------------------------------------------+
; data_width           ; 16    ; Signed Integer                                ;
; gpmc_addr_width_high ; 10    ; Signed Integer                                ;
; gpmc_addr_width_low  ; 1     ; Signed Integer                                ;
; ram_size             ; 32    ; Signed Integer                                ;
+----------------------+-------+-----------------------------------------------+
Note: In order to hide this table in the UI and the text report file, please set the "Show Parameter Settings in Synthesis Report" option in "Analysis and Synthesis Settings -> More Settings" to "Off".


+-------------------------------------------------------------------+
; Parameter Settings for User Entity Instance: Motor_Controller:MC1 ;
+----------------+-------+------------------------------------------+
; Parameter Name ; Value ; Type                                     ;
+----------------+-------+------------------------------------------+
; wl             ; 32    ; Signed Integer                           ;
; period         ; 2500  ; Signed Integer                           ;
+----------------+-------+------------------------------------------+
Note: In order to hide this table in the UI and the text report file, please set the "Show Parameter Settings in Synthesis Report" option in "Analysis and Synthesis Settings -> More Settings" to "Off".


+-------------------------------------------------------------------+
; Parameter Settings for User Entity Instance: Motor_Controller:MC2 ;
+----------------+-------+------------------------------------------+
; Parameter Name ; Value ; Type                                     ;
+----------------+-------+------------------------------------------+
; wl             ; 32    ; Signed Integer                           ;
; period         ; 2500  ; Signed Integer                           ;
+----------------+-------+------------------------------------------+
Note: In order to hide this table in the UI and the text report file, please set the "Show Parameter Settings in Synthesis Report" option in "Analysis and Synthesis Settings -> More Settings" to "Off".


+---------------------------------------------------------------------+
; Parameter Settings for User Entity Instance: quadrature_decoder:qd1 ;
+--------------------------+--------+---------------------------------+
; Parameter Name           ; Value  ; Type                            ;
+--------------------------+--------+---------------------------------+
; positions                ; 20000  ; Signed Integer                  ;
; debounce_time            ; 10000  ; Signed Integer                  ;
; set_origin_debounce_time ; 500000 ; Signed Integer                  ;
+--------------------------+--------+---------------------------------+
Note: In order to hide this table in the UI and the text report file, please set the "Show Parameter Settings in Synthesis Report" option in "Analysis and Synthesis Settings -> More Settings" to "Off".


+--------------------------------------------------------------------+
; Parameter Settings for User Entity Instance: QuadratureDecoder:QD2 ;
+----------------+-------+-------------------------------------------+
; Parameter Name ; Value ; Type                                      ;
+----------------+-------+-------------------------------------------+
; wl             ; 32    ; Signed Integer                            ;
+----------------+-------+-------------------------------------------+
Note: In order to hide this table in the UI and the text report file, please set the "Show Parameter Settings in Synthesis Report" option in "Analysis and Synthesis Settings -> More Settings" to "Off".


+---------------------------------------------------+
; Port Connectivity Checks: "QuadratureDecoder:QD2" ;
+--------+-------+----------+-----------------------+
; Port   ; Type  ; Severity ; Details               ;
+--------+-------+----------+-----------------------+
; reset  ; Input ; Info     ; Stuck at GND          ;
; enable ; Input ; Info     ; Stuck at VCC          ;
+--------+-------+----------+-----------------------+


+------------------------------------------------------------------------------------------------------------------------+
; Port Connectivity Checks: "quadrature_decoder:qd1"                                                                     ;
+--------------+--------+----------+-------------------------------------------------------------------------------------+
; Port         ; Type   ; Severity ; Details                                                                             ;
+--------------+--------+----------+-------------------------------------------------------------------------------------+
; set_origin_n ; Input  ; Info     ; Stuck at VCC                                                                        ;
; direction    ; Output ; Info     ; Connected to dangling logic. Logic that only feeds a dangling port will be removed. ;
+--------------+--------+----------+-------------------------------------------------------------------------------------+


+--------------------------------------------------+
; Port Connectivity Checks: "Motor_Controller:MC2" ;
+--------+-------+----------+----------------------+
; Port   ; Type  ; Severity ; Details              ;
+--------+-------+----------+----------------------+
; reset  ; Input ; Info     ; Stuck at GND         ;
; enable ; Input ; Info     ; Stuck at VCC         ;
+--------+-------+----------+----------------------+


+--------------------------------------------------+
; Port Connectivity Checks: "Motor_Controller:MC1" ;
+--------+-------+----------+----------------------+
; Port   ; Type  ; Severity ; Details              ;
+--------+-------+----------+----------------------+
; reset  ; Input ; Info     ; Stuck at GND         ;
; enable ; Input ; Info     ; Stuck at VCC         ;
+--------+-------+----------+----------------------+


+-------------------------------+
; Elapsed Time Per Partition    ;
+----------------+--------------+
; Partition Name ; Elapsed Time ;
+----------------+--------------+
; Top            ; 00:00:01     ;
+----------------+--------------+


+-------------------------------+
; Analysis & Synthesis Messages ;
+-------------------------------+
Info: *******************************************************************
Info: Running Quartus II 32-bit Analysis & Synthesis
    Info: Version 13.1.0 Build 162 10/23/2013 SJ Web Edition
    Info: Processing started: Fri Jun 15 17:50:32 2018
Info: Command: quartus_map --read_settings_files=on --write_settings_files=off setup_control -c setup_control
Info (11104): Parallel Compilation has detected 8 hyper-threaded processors. However, the extra hyper-threaded processors will not be used by default. Parallel Compilation will use 4 of the 4 physical processors detected instead.
Info (12021): Found 2 design units, including 1 entities, in source file /home/esl21/ESL21/gpmc_fpga_template/fpga/setup_control.vhd
    Info (12022): Found design unit 1: setup_control-structure
    Info (12023): Found entity 1: setup_control
Info (12021): Found 2 design units, including 1 entities, in source file /home/esl21/ESL21/gpmc_fpga_template/fpga/ramstix_gpmc_driver.vhd
    Info (12022): Found design unit 1: ramstix_gpmc_driver-behavior
    Info (12023): Found entity 1: ramstix_gpmc_driver
Info (12021): Found 2 design units, including 1 entities, in source file /home/esl21/ESL21/gpmc_fpga_template/fpga/QuadratureDecoder.vhd
    Info (12022): Found design unit 1: QuadratureDecoder-behavior
    Info (12023): Found entity 1: QuadratureDecoder
Info (12021): Found 2 design units, including 1 entities, in source file /home/esl21/ESL21/gpmc_fpga_template/fpga/Motor_Controller.vhd
    Info (12022): Found design unit 1: Motor_Controller-behavior
    Info (12023): Found entity 1: Motor_Controller
Info (12021): Found 2 design units, including 1 entities, in source file /home/esl21/ESL21/quad2.vhd
    Info (12022): Found design unit 1: quadrature_decoder-logic
    Info (12023): Found entity 1: quadrature_decoder
Info (12127): Elaborating entity "setup_control" for the top level hierarchy
Warning (10541): VHDL Signal Declaration warning at setup_control.vhd(34): used implicit default value for signal "F_OUT" because signal was never assigned a value or an explicit default value. Use of implicit default value may introduce unintended design optimizations.
Warning (10540): VHDL Signal Declaration warning at setup_control.vhd(144): used explicit default value for signal "enable" because signal was never assigned a value
Warning (10540): VHDL Signal Declaration warning at setup_control.vhd(145): used explicit default value for signal "reset" because signal was never assigned a value
Info (12128): Elaborating entity "ramstix_gpmc_driver" for hierarchy "ramstix_gpmc_driver:gpmc_driver"
Warning (10492): VHDL Process Statement warning at ramstix_gpmc_driver.vhd(84): signal "gpmc_addr_in" is read inside the Process Statement but isn't in the Process Statement's sensitivity list
Info (12128): Elaborating entity "Motor_Controller" for hierarchy "Motor_Controller:MC1"
Info (12128): Elaborating entity "quadrature_decoder" for hierarchy "quadrature_decoder:qd1"
Info (12128): Elaborating entity "QuadratureDecoder" for hierarchy "QuadratureDecoder:QD2"
Warning (13024): Output pins are stuck at VCC or GND
    Warning (13410): Pin "F_OUT[0]" is stuck at GND
    Warning (13410): Pin "F_OUT[1]" is stuck at GND
    Warning (13410): Pin "F_OUT[2]" is stuck at GND
    Warning (13410): Pin "F_OUT[3]" is stuck at GND
    Warning (13410): Pin "F_OUT[4]" is stuck at GND
    Warning (13410): Pin "F_OUT[5]" is stuck at GND
    Warning (13410): Pin "F_OUT[6]" is stuck at GND
    Warning (13410): Pin "F_OUT[7]" is stuck at GND
    Warning (13410): Pin "F_OUT[8]" is stuck at GND
    Warning (13410): Pin "F_OUT[9]" is stuck at GND
    Warning (13410): Pin "F_OUT[10]" is stuck at GND
    Warning (13410): Pin "F_OUT[11]" is stuck at GND
    Warning (13410): Pin "F_OUT[12]" is stuck at GND
    Warning (13410): Pin "F_OUT[13]" is stuck at GND
    Warning (13410): Pin "F_OUT[14]" is stuck at GND
    Warning (13410): Pin "F_OUT[15]" is stuck at GND
Info (286030): Timing-Driven Synthesis is running
Info (17049): 19 registers lost all their fanouts during netlist optimizations.
Info (16010): Generating hard_block partition "hard_block:auto_generated_inst"
    Info (16011): Adding 0 node(s), including 0 DDIO, 0 PLL, 0 transceiver and 0 LCELL
Warning (21074): Design contains 20 input pin(s) that do not drive logic
    Warning (15610): No output dependent on input pin "GPMC_FPGA_IRQ"
    Warning (15610): No output dependent on input pin "GPMC_CLK"
    Warning (15610): No output dependent on input pin "F_IN[0]"
    Warning (15610): No output dependent on input pin "F_IN[1]"
    Warning (15610): No output dependent on input pin "F_IN[2]"
    Warning (15610): No output dependent on input pin "F_IN[3]"
    Warning (15610): No output dependent on input pin "F_IN[4]"
    Warning (15610): No output dependent on input pin "F_IN[5]"
    Warning (15610): No output dependent on input pin "F_IN[6]"
    Warning (15610): No output dependent on input pin "F_IN[7]"
    Warning (15610): No output dependent on input pin "F_IN[8]"
    Warning (15610): No output dependent on input pin "F_IN[9]"
    Warning (15610): No output dependent on input pin "F_IN[10]"
    Warning (15610): No output dependent on input pin "F_IN[11]"
    Warning (15610): No output dependent on input pin "F_IN[12]"
    Warning (15610): No output dependent on input pin "F_IN[13]"
    Warning (15610): No output dependent on input pin "F_IN[14]"
    Warning (15610): No output dependent on input pin "F_IN[15]"
    Warning (15610): No output dependent on input pin "ENC3I"
    Warning (15610): No output dependent on input pin "ENC4I"
Info (21057): Implemented 1319 device resources after synthesis - the final resource count might be different
    Info (21058): Implemented 38 input pins
    Info (21059): Implemented 22 output pins
    Info (21060): Implemented 16 bidirectional pins
    Info (21061): Implemented 1243 logic cells
Info: Quartus II 32-bit Analysis & Synthesis was successful. 0 errors, 42 warnings
    Info: Peak virtual memory: 437 megabytes
    Info: Processing ended: Fri Jun 15 17:50:36 2018
    Info: Elapsed time: 00:00:04
    Info: Total CPU time (on all processors): 00:00:04


